d:\programming\games102withopengl\learningprojects\games102_hw2\x64\debug\vc143.pdb
d:\programming\games102withopengl\learningprojects\games102_hw2\x64\debug\vc143.idb
d:\programming\games102withopengl\learningprojects\games102_hw2\x64\debug\shader.obj
d:\programming\games102withopengl\learningprojects\games102_hw2\x64\debug\openglapp.obj
d:\programming\games102withopengl\learningprojects\games102_hw2\x64\debug\interpolation.obj
d:\programming\games102withopengl\learningprojects\games102_hw2\x64\debug\imguiapp.obj
d:\programming\games102withopengl\learningprojects\games102_hw2\x64\debug\hw2.obj
d:\programming\games102withopengl\learningprojects\games102_hw2\x64\debug\fitting.obj
d:\programming\games102withopengl\learningprojects\games102_hw2\x64\debug\imgui_widgets.obj
d:\programming\games102withopengl\learningprojects\games102_hw2\x64\debug\imgui_tables.obj
d:\programming\games102withopengl\learningprojects\games102_hw2\x64\debug\imgui_impl_opengl3.obj
d:\programming\games102withopengl\learningprojects\games102_hw2\x64\debug\imgui_impl_glfw.obj
d:\programming\games102withopengl\learningprojects\games102_hw2\x64\debug\imgui_draw.obj
d:\programming\games102withopengl\learningprojects\games102_hw2\x64\debug\imgui_demo.obj
d:\programming\games102withopengl\learningprojects\games102_hw2\x64\debug\imgui.obj
d:\programming\games102withopengl\learningprojects\games102_hw2\x64\debug\glad.obj
d:\programming\games102withopengl\learningprojects\x64\debug\games102_hw2.exe
d:\programming\games102withopengl\learningprojects\games102_hw2\x64\debug\games102_hw2.ilk
d:\programming\games102withopengl\learningprojects\x64\debug\games102_hw2.pdb
d:\programming\games102withopengl\learningprojects\games102_hw2\x64\debug\games102_hw2.tlog\cl.command.1.tlog
d:\programming\games102withopengl\learningprojects\games102_hw2\x64\debug\games102_hw2.tlog\cl.read.1.tlog
d:\programming\games102withopengl\learningprojects\games102_hw2\x64\debug\games102_hw2.tlog\cl.write.1.tlog
d:\programming\games102withopengl\learningprojects\games102_hw2\x64\debug\games102_hw2.tlog\link.command.1.tlog
d:\programming\games102withopengl\learningprojects\games102_hw2\x64\debug\games102_hw2.tlog\link.read.1.tlog
d:\programming\games102withopengl\learningprojects\games102_hw2\x64\debug\games102_hw2.tlog\link.write.1.tlog
