d:\programming\opengl_learning\learningprojects\games102_hw1\x64\debug\vc143.pdb
d:\programming\opengl_learning\learningprojects\games102_hw1\x64\debug\vc143.idb
d:\programming\opengl_learning\learningprojects\games102_hw1\x64\debug\glad.obj
d:\programming\opengl_learning\learningprojects\games102_hw1\x64\debug\shader.obj
d:\programming\opengl_learning\learningprojects\games102_hw1\x64\debug\openglapp.obj
d:\programming\opengl_learning\learningprojects\games102_hw1\x64\debug\hw1.obj
d:\programming\opengl_learning\learningprojects\x64\debug\games102_hw1.pdb
d:\programming\opengl_learning\learningprojects\games102_hw1\x64\debug\games102_hw1.tlog\cl.command.1.tlog
d:\programming\opengl_learning\learningprojects\games102_hw1\x64\debug\games102_hw1.tlog\cl.read.1.tlog
d:\programming\opengl_learning\learningprojects\games102_hw1\x64\debug\games102_hw1.tlog\cl.write.1.tlog
d:\programming\opengl_learning\learningprojects\games102_hw1\x64\debug\games102_hw1.tlog\link.29300-cvtres.read.1.tlog
d:\programming\opengl_learning\learningprojects\games102_hw1\x64\debug\games102_hw1.tlog\link.29300-cvtres.write.1.tlog
d:\programming\opengl_learning\learningprojects\games102_hw1\x64\debug\games102_hw1.tlog\link.29300-rc.read.1.tlog
d:\programming\opengl_learning\learningprojects\games102_hw1\x64\debug\games102_hw1.tlog\link.29300-rc.write.1.tlog
d:\programming\opengl_learning\learningprojects\games102_hw1\x64\debug\games102_hw1.tlog\link.29300.read.1.tlog
d:\programming\opengl_learning\learningprojects\games102_hw1\x64\debug\games102_hw1.tlog\link.29300.read.2.tlog
d:\programming\opengl_learning\learningprojects\games102_hw1\x64\debug\games102_hw1.tlog\link.29300.write.1.tlog
d:\programming\opengl_learning\learningprojects\games102_hw1\x64\debug\games102_hw1.tlog\link.command.1.tlog
d:\programming\opengl_learning\learningprojects\games102_hw1\x64\debug\games102_hw1.tlog\link.read.1.tlog
d:\programming\opengl_learning\learningprojects\games102_hw1\x64\debug\games102_hw1.tlog\link.write.1.tlog
